{"numFailedTestSuites":0,"numFailedTests":0,"numPassedTestSuites":1,"numPassedTests":2,"numPendingTestSuites":0,"numPendingTests":0,"numRuntimeErrorTestSuites":0,"numTodoTests":0,"numTotalTestSuites":1,"numTotalTests":2,"openHandles":[],"snapshot":{"added":0,"didUpdate":false,"failure":false,"filesAdded":0,"filesRemoved":0,"filesRemovedList":[],"filesUnmatched":0,"filesUpdated":0,"matched":1,"total":1,"unchecked":0,"uncheckedKeysByFile":[],"unmatched":0,"updated":0},"startTime":1585494329249,"success":true,"testResults":[{"assertionResults":[{"ancestorTitles":["<Button />"],"failureMessages":[],"fullName":"<Button /> should render as expended","location":null,"status":"passed","title":"should render as expended"},{"ancestorTitles":["<Button />"],"failureMessages":[],"fullName":"<Button /> should render an icon when requested","location":null,"status":"passed","title":"should render an icon when requested"}],"endTime":1585494330280,"message":"","name":"/home/jameschapman/Projects/Storybook/src/components/button/tests/button.test.js","startTime":1585494329589,"status":"passed","summary":""}],"wasInterrupted":false}